<?xml version="1.0" encoding="UTF-8"?>
<!-- Generated by org.testng.reporters.JUnitXMLReporter -->
<testsuite ignored="2" hostname="Wamiq" failures="0" tests="5" name="Test" time="81.49" errors="0" timestamp="2024-09-27T17:26:48 IST">
  <testcase classname="com.myStore.testcases.Testcase_MyAccountPage" name="verifyLoginW" time="3.888"/>
  <testcase classname="com.myStore.testcases.Testcase_MyAccountPage" name="verifySignOut" time="5.593"/>
  <testcase classname="com.myStore.testcases.TC_ProductPageTest" name="BuyProductAgain" time="36.056"/>
  <testcase classname="com.myStore.testcases.TC_ProductPageTest" name="addToCart" time="5.888"/>
  <testcase classname="com.myStore.testcases.TC_ProductPageTest" name="addToWishListWithoutLogin" time="1.868"/>
  <testcase classname="com.myStore.testcases.TC_ProductPageTest" name="VerifyBuyProduct" time="0.0">
    <ignored/>
  </testcase> <!-- VerifyBuyProduct -->
  <testcase classname="com.myStore.testcases.Testcase_MyAccountPage" name="VerifyRegistrationAndLogin" time="0.0">
    <ignored/>
  </testcase> <!-- VerifyRegistrationAndLogin -->
</testsuite> <!-- Test -->
