<?xml version="1.0" encoding="UTF-8"?>
<!-- Generated by org.testng.reporters.JUnitXMLReporter -->
<testsuite ignored="2" hostname="Wamiq" failures="0" tests="5" name="Test" time="61.033" errors="0" timestamp="2024-10-01T18:27:29 IST">
  <testcase classname="com.myStore.testcases.Testcase_MyAccountPage" name="verifyLoginW" time="3.153"/>
  <testcase classname="com.myStore.testcases.Testcase_MyAccountPage" name="verifySignOut" time="2.614"/>
  <testcase classname="com.myStore.testcases.TC_ProductPageTest" name="BuyProductAgain" time="28.539"/>
  <testcase classname="com.myStore.testcases.TC_ProductPageTest" name="addToCart" time="5.566"/>
  <testcase classname="com.myStore.testcases.TC_ProductPageTest" name="addToWishListWithoutLogin" time="1.807"/>
  <testcase classname="com.myStore.testcases.Testcase_MyAccountPage" name="VerifyRegistrationAndLogin" time="0.0">
    <ignored/>
  </testcase> <!-- VerifyRegistrationAndLogin -->
  <testcase classname="com.myStore.testcases.TC_ProductPageTest" name="VerifyBuyProduct" time="0.0">
    <ignored/>
  </testcase> <!-- VerifyBuyProduct -->
</testsuite> <!-- Test -->
