<?xml version="1.0" encoding="UTF-8"?>
<testsuite xmlns:xsi="http://www.w3.org/2001/XMLSchema-instance" xsi:noNamespaceSchemaLocation="https://maven.apache.org/surefire/maven-surefire-plugin/xsd/surefire-test-report.xsd" version="3.0.2" name="TestSuite" time="62.13" tests="5" errors="0" skipped="0" failures="0">
  <properties>
[...]
</properties>
  <testcase name="verifyLoginW" classname="com.myStore.testcases.Testcase_MyAccountPage" time="3.165">
    <system-out><![CDATA[ On start method invoke..
 Name of test method startverifyLoginW
Wamiq Asif
 Name of test method successverifyLoginW
]]></system-out>
    <system-err><![CDATA[SLF4J(W): No SLF4J providers were found.
SLF4J(W): Defaulting to no-operation (NOP) logger implementation
SLF4J(W): See https://www.slf4j.org/codes.html#noProviders for further details.
]]></system-err>
  </testcase>
  <testcase name="verifySignOut" classname="com.myStore.testcases.Testcase_MyAccountPage" time="2.614">
    <system-out><![CDATA[ Name of test method startverifySignOut
Login - My Shop
 Name of test method successverifySignOut
]]></system-out>
  </testcase>
  <testcase name="BuyProductAgain" classname="com.myStore.testcases.TC_ProductPageTest" time="28.536">
    <system-out><![CDATA[ Name of test method startBuyProductAgain
 Name of test method successBuyProductAgain
]]></system-out>
  </testcase>
  <testcase name="addToCart" classname="com.myStore.testcases.TC_ProductPageTest" time="5.553">
    <system-out><![CDATA[ Name of test method startaddToCart
 Name of test method successaddToCart
]]></system-out>
  </testcase>
  <testcase name="addToWishListWithoutLogin" classname="com.myStore.testcases.TC_ProductPageTest" time="1.808">
    <system-out><![CDATA[ Name of test method startaddToWishListWithoutLogin
 Name of test method successaddToWishListWithoutLogin
]]></system-out>
  </testcase>
</testsuite>